Error in test 3: get_next_line(5: "empty.txt"): 
Memory leak: 0x602000000210 - 1 bytes
You failed to free the memory allocated at:
     in _add_malloc malloc_mock.c:29:8
     in malloc malloc_mock.c:75:10
  -> in ft_strjoin get_next_line_utils.c:77:9
     in get_next_line get_next_line.c:76:7
     in test_gnl_func file_utils.c:40:8
     in main tester.c:111:2

Error in test 3: get_next_line(5: "1char.txt"): 
Memory leak: 0x602000000270 - 1 bytes
You failed to free the memory allocated at:
     in _add_malloc malloc_mock.c:29:8
     in malloc malloc_mock.c:75:10
  -> in ft_strjoin get_next_line_utils.c:77:9
     in get_next_line get_next_line.c:76:7
     in test_gnl_func file_utils.c:40:8
     in main tester.c:117:2

Error in test 3: get_next_line(5: "one_line_no_nl.txt"): 
Memory leak: 0x6020000003f0 - 1 bytes
You failed to free the memory allocated at:
     in _add_malloc malloc_mock.c:29:8
     in malloc malloc_mock.c:75:10
  -> in ft_strjoin get_next_line_utils.c:77:9
     in get_next_line get_next_line.c:76:7
     in test_gnl_func file_utils.c:40:8
     in main tester.c:123:2

Error in test 3: get_next_line(5: "only_nl.txt"): 
Memory leak: 0x602000000250 - 1 bytes
You failed to free the memory allocated at:
     in _add_malloc malloc_mock.c:29:8
     in malloc malloc_mock.c:75:10
  -> in ft_strjoin get_next_line_utils.c:77:9
     in get_next_line get_next_line.c:76:7
     in test_gnl_func file_utils.c:40:8
     in main tester.c:129:2

Error in test 7: get_next_line(5: "multiple_nl.txt"): 
Memory leak: 0x602000000450 - 1 bytes
You failed to free the memory allocated at:
     in _add_malloc malloc_mock.c:29:8
     in malloc malloc_mock.c:75:10
  -> in ft_strjoin get_next_line_utils.c:77:9
     in get_next_line get_next_line.c:76:7
     in test_gnl_func file_utils.c:40:8
     in main tester.c:135:2

Error in test 14: get_next_line(5: "variable_nls.txt"): 
Memory leak: 0x602000000ff0 - 1 bytes
You failed to free the memory allocated at:
     in _add_malloc malloc_mock.c:29:8
     in malloc malloc_mock.c:75:10
  -> in ft_strjoin get_next_line_utils.c:77:9
     in get_next_line get_next_line.c:76:7
     in test_gnl_func file_utils.c:40:8
     in main tester.c:145:2

Error in test 7: get_next_line(5: "lines_around_10.txt"): 
Memory leak: 0x6020000009d0 - 1 bytes
You failed to free the memory allocated at:
     in _add_malloc malloc_mock.c:29:8
     in malloc malloc_mock.c:75:10
  -> in ft_strjoin get_next_line_utils.c:77:9
     in get_next_line get_next_line.c:76:7
     in test_gnl_func file_utils.c:40:8
     in main tester.c:162:2

Error in test 9: get_next_line(5: "read_error.txt"): 
Memory leak: 0x602000000c50 - 1 bytes
You failed to free the memory allocated at:
     in _add_malloc malloc_mock.c:29:8
     in malloc malloc_mock.c:75:10
  -> in ft_strjoin get_next_line_utils.c:77:9
     in get_next_line get_next_line.c:76:7
     in test_gnl_func file_utils.c:40:8
     in main tester.c:193:2

Error in test 7: get_next_line(0: "stdin"): 
Memory leak: 0x6020000009d0 - 1 bytes
You failed to free the memory allocated at:
     in _add_malloc malloc_mock.c:29:8
     in malloc malloc_mock.c:75:10
  -> in ft_strjoin get_next_line_utils.c:77:9
     in get_next_line get_next_line.c:76:7
     in test_gnl_func file_utils.c:40:8
     in main tester.c:243:2
6   libdyld.dylib                       0x00007fff67a1e3d5 start + 1
7   ???                                 0x0000000000000001 0x0 + 1

##==##==##&&##==##==##./test1.out
##==##==##&&##==##==##./test2.out
##==##==##&&##==##==##./test2.out
Error in test 3: get_next_line(5: "empty.txt"): 
Memory leak: 0x602000000210 - 1 bytes
You failed to free the memory allocated at:
0   test2.out                           0x00000001098c3b97 _add_malloc + 791
1   test2.out                           0x00000001098c3867 malloc + 311
2   test2.out                           0x00000001098ca9bf ft_strjoin + 207
3   test2.out                           0x00000001098ca3d0 get_next_line + 352
4   test2.out                           0x00000001098c96d1 test_gnl_func + 65
5   test2.out                           0x00000001098be325 main + 3125
6   libdyld.dylib                       0x00007fff67a1e3d5 start + 1
7   ???                                 0x0000000000000001 0x0 + 1

##==##==##&&##==##==##./test2.out
Error in test 3: get_next_line(5: "1char.txt"): 
Memory leak: 0x602000000270 - 1 bytes
You failed to free the memory allocated at:
0   test2.out                           0x00000001098c3b97 _add_malloc + 791
1   test2.out                           0x00000001098c3867 malloc + 311
2   test2.out                           0x00000001098ca9bf ft_strjoin + 207
3   test2.out                           0x00000001098ca3d0 get_next_line + 352
4   test2.out                           0x00000001098c96d1 test_gnl_func + 65
5   test2.out                           0x00000001098be950 main + 4704
6   libdyld.dylib                       0x00007fff67a1e3d5 start + 1
7   ???                                 0x0000000000000001 0x0 + 1

##==##==##&&##==##==##./test2.out
Error in test 3: get_next_line(5: "one_line_no_nl.txt"): 
Memory leak: 0x602000000230 - 1 bytes
You failed to free the memory allocated at:
0   test2.out                           0x00000001098c3b97 _add_malloc + 791
1   test2.out                           0x00000001098c3867 malloc + 311
2   test2.out                           0x00000001098ca9bf ft_strjoin + 207
3   test2.out                           0x00000001098ca3d0 get_next_line + 352
4   test2.out                           0x00000001098c96d1 test_gnl_func + 65
5   test2.out                           0x00000001098bef7b main + 6283
6   libdyld.dylib                       0x00007fff67a1e3d5 start + 1
7   ???                                 0x0000000000000001 0x0 + 1

##==##==##&&##==##==##./test2.out
Error in test 3: get_next_line(5: "only_nl.txt"): 
Memory leak: 0x602000000250 - 1 bytes
You failed to free the memory allocated at:
0   test2.out                           0x00000001098c3b97 _add_malloc + 791
1   test2.out                           0x00000001098c3867 malloc + 311
2   test2.out                           0x00000001098ca9bf ft_strjoin + 207
3   test2.out                           0x00000001098ca3d0 get_next_line + 352
4   test2.out                           0x00000001098c96d1 test_gnl_func + 65
5   test2.out                           0x00000001098bf5a6 main + 7862
6   libdyld.dylib                       0x00007fff67a1e3d5 start + 1
7   ???                                 0x0000000000000001 0x0 + 1

##==##==##&&##==##==##./test2.out
Error in test 7: get_next_line(5: "multiple_nl.txt"): 
Memory leak: 0x6020000003d0 - 1 bytes
You failed to free the memory allocated at:
0   test2.out                           0x00000001098c3b97 _add_malloc + 791
1   test2.out                           0x00000001098c3867 malloc + 311
2   test2.out                           0x00000001098ca9bf ft_strjoin + 207
3   test2.out                           0x00000001098ca3d0 get_next_line + 352
4   test2.out                           0x00000001098c96d1 test_gnl_func + 65
5   test2.out                           0x00000001098bfd0d main + 9757
6   libdyld.dylib                       0x00007fff67a1e3d5 start + 1
7   ???                                 0x0000000000000001 0x0 + 1

##==##==##&&##==##==##./test2.out
Error in test 14: get_next_line(5: "variable_nls.txt"): 
Memory leak: 0x602000000610 - 1 bytes
You failed to free the memory allocated at:
0   test2.out                           0x00000001098c3b97 _add_malloc + 791
1   test2.out                           0x00000001098c3867 malloc + 311
2   test2.out                           0x00000001098ca9bf ft_strjoin + 207
3   test2.out                           0x00000001098ca3d0 get_next_line + 352
4   test2.out                           0x00000001098c96d1 test_gnl_func + 65
5   test2.out                           0x00000001098c069d main + 12205
6   libdyld.dylib                       0x00007fff67a1e3d5 start + 1
7   ???                                 0x0000000000000001 0x0 + 1

##==##==##&&##==##==##./test2.out
Error in test 7: get_next_line(5: "lines_around_10.txt"): 
Memory leak: 0x6020000003d0 - 1 bytes
You failed to free the memory allocated at:
0   test2.out                           0x00000001098c3b97 _add_malloc + 791
1   test2.out                           0x00000001098c3867 malloc + 311
2   test2.out                           0x00000001098ca9bf ft_strjoin + 207
3   test2.out                           0x00000001098ca3d0 get_next_line + 352
4   test2.out                           0x00000001098c96d1 test_gnl_func + 65
5   test2.out                           0x00000001098c0e04 main + 14100
6   libdyld.dylib                       0x00007fff67a1e3d5 start + 1
7   ???                                 0x0000000000000001 0x0 + 1

##==##==##&&##==##==##./test2.out
Error in test 3: get_next_line(5: "giant_line.txt"): 
Memory leak: 0x602000000230 - 1 bytes
You failed to free the memory allocated at:
0   test2.out                           0x00000001098c3b97 _add_malloc + 791
1   test2.out                           0x00000001098c3867 malloc + 311
2   test2.out                           0x00000001098ca9bf ft_strjoin + 207
3   test2.out                           0x00000001098ca3d0 get_next_line + 352
4   test2.out                           0x00000001098c96d1 test_gnl_func + 65
5   test2.out                           0x00000001098c1466 main + 15734
6   libdyld.dylib                       0x00007fff67a1e3d5 start + 1
7   ???                                 0x0000000000000001 0x0 + 1

##==##==##&&##==##==##./test2.out
Error in test 4: get_next_line(5: "giant_line_nl.txt"): 
Memory leak: 0x6020000002d0 - 1 bytes
You failed to free the memory allocated at:
0   test2.out                           0x00000001098c3b97 _add_malloc + 791
1   test2.out                           0x00000001098c3867 malloc + 311
2   test2.out                           0x00000001098ca9bf ft_strjoin + 207
3   test2.out                           0x00000001098ca3d0 get_next_line + 352
4   test2.out                           0x00000001098c96d1 test_gnl_func + 65
5   test2.out                           0x00000001098c1c16 main + 17702
6   libdyld.dylib                       0x00007fff67a1e3d5 start + 1
7   ???                                 0x0000000000000001 0x0 + 1

##==##==##&&##==##==##./test2.out
Error in test 4: get_next_line(5: "read_error.txt"): expected: "aaaaaaaaaa\n", got: "ccccccccaaaaaaaaaa\n"
Probable reason: You should clear the static buffer when a call to read returns -1
Error in test 9: get_next_line(5: "read_error.txt"): 
Memory leak: 0x602000000430 - 1 bytes
You failed to free the memory allocated at:
0   test2.out                           0x00000001098c3b97 _add_malloc + 791
1   test2.out                           0x00000001098c3867 malloc + 311
2   test2.out                           0x00000001098ca9bf ft_strjoin + 207
3   test2.out                           0x00000001098ca3d0 get_next_line + 352
4   test2.out                           0x00000001098c96d1 test_gnl_func + 65
5   test2.out                           0x00000001098c2533 main + 20035
6   libdyld.dylib                       0x00007fff67a1e3d5 start + 1
7   ???                                 0x0000000000000001 0x0 + 1

##==##==##&&##==##==##./test2.out
Error in test 3: get_next_line(5: "limits.txt"): 
Memory leak: 0x602000000290 - 1 bytes
You failed to free the memory allocated at:
0   test2.out                           0x00000001098c3b97 _add_malloc + 791
1   test2.out                           0x00000001098c3867 malloc + 311
2   test2.out                           0x00000001098ca9bf ft_strjoin + 207
3   test2.out                           0x00000001098ca3d0 get_next_line + 352
4   test2.out                           0x00000001098c9b38 test_gnl_func_limits + 72
5   test2.out                           0x00000001098bd512 test_limit + 546
6   test2.out                           0x00000001098c2c0a main + 21786
7   libdyld.dylib                       0x00007fff67a1e3d5 start + 1
8   ???                                 0x0000000000000001 0x0 + 1

for file:
1: abcdefghi

Error in test 6: get_next_line(5: "limits.txt"): 
Memory leak: 0x602000000370 - 1 bytes
You failed to free the memory allocated at:
0   test2.out                           0x00000001098c3b97 _add_malloc + 791
1   test2.out                           0x00000001098c3867 malloc + 311
2   test2.out                           0x00000001098ca9bf ft_strjoin + 207
3   test2.out                           0x00000001098ca3d0 get_next_line + 352
4   test2.out                           0x00000001098c9b38 test_gnl_func_limits + 72
5   test2.out                           0x00000001098bd512 test_limit + 546
6   test2.out                           0x00000001098c2c0a main + 21786
7   libdyld.dylib                       0x00007fff67a1e3d5 start + 1
8   ???                                 0x0000000000000001 0x0 + 1

for file:
1: abcdefghi\n
2: 

Error in test 9: get_next_line(5: "limits.txt"): 
Memory leak: 0x602000000470 - 1 bytes
You failed to free the memory allocated at:
0   test2.out                           0x00000001098c3b97 _add_malloc + 791
1   test2.out                           0x00000001098c3867 malloc + 311
2   test2.out                           0x00000001098ca9bf ft_strjoin + 207
3   test2.out                           0x00000001098ca3d0 get_next_line + 352
4   test2.out                           0x00000001098c9b38 test_gnl_func_limits + 72
5   test2.out                           0x00000001098bd512 test_limit + 546
6   test2.out                           0x00000001098c2c0a main + 21786
7   libdyld.dylib                       0x00007fff67a1e3d5 start + 1
8   ???                                 0x0000000000000001 0x0 + 1

for file:
1: abcdefghij

Error in test 12: get_next_line(5: "limits.txt"): 
Memory leak: 0x602000000570 - 1 bytes
You failed to free the memory allocated at:
0   test2.out                           0x00000001098c3b97 _add_malloc + 791
1   test2.out                           0x00000001098c3867 malloc + 311
2   test2.out                           0x00000001098ca9bf ft_strjoin + 207
3   test2.out                           0x00000001098ca3d0 get_next_line + 352
4   test2.out                           0x00000001098c9b38 test_gnl_func_limits + 72
5   test2.out                           0x00000001098bd512 test_limit + 546
6   test2.out                           0x00000001098c2c0a main + 21786
7   libdyld.dylib                       0x00007fff67a1e3d5 start + 1
8   ???                                 0x0000000000000001 0x0 + 1

for file:
1: abcdefghij\n
2: 

Error in test 15: get_next_line(5: "limits.txt"): 
Memory leak: 0x602000000690 - 1 bytes
You failed to free the memory allocated at:
0   test2.out                           0x00000001098c3b97 _add_malloc + 791
1   test2.out                           0x00000001098c3867 malloc + 311
2   test2.out                           0x00000001098ca9bf ft_strjoin + 207
3   test2.out                           0x00000001098ca3d0 get_next_line + 352
4   test2.out                           0x00000001098c9b38 test_gnl_func_limits + 72
5   test2.out                           0x00000001098bd512 test_limit + 546
6   test2.out                           0x00000001098c2c0a main + 21786
7   libdyld.dylib                       0x00007fff67a1e3d5 start + 1
8   ???                                 0x0000000000000001 0x0 + 1

for file:
1: abcdefghijk

Error in test 18: get_next_line(5: "limits.txt"): 
Memory leak: 0x602000000790 - 1 bytes
You failed to free the memory allocated at:
0   test2.out                           0x00000001098c3b97 _add_malloc + 791
1   test2.out                           0x00000001098c3867 malloc + 311
2   test2.out                           0x00000001098ca9bf ft_strjoin + 207
3   test2.out                           0x00000001098ca3d0 get_next_line + 352
4   test2.out                           0x00000001098c9b38 test_gnl_func_limits + 72
5   test2.out                           0x00000001098bd512 test_limit + 546
6   test2.out                           0x00000001098c2c0a main + 21786
7   libdyld.dylib                       0x00007fff67a1e3d5 start + 1
8   ???                                 0x0000000000000001 0x0 + 1

for file:
1: abcdefghijk\n
2: 

Error in test 21: get_next_line(5: "limits.txt"): 
Memory leak: 0x602000000830 - 1 bytes
You failed to free the memory allocated at:
0   test2.out                           0x00000001098c3b97 _add_malloc + 791
1   test2.out                           0x00000001098c3867 malloc + 311
2   test2.out                           0x00000001098ca9bf ft_strjoin + 207
3   test2.out                           0x00000001098ca3d0 get_next_line + 352
4   test2.out                           0x00000001098c9b38 test_gnl_func_limits + 72
5   test2.out                           0x00000001098bd512 test_limit + 546
6   test2.out                           0x00000001098c2c0a main + 21786
7   libdyld.dylib                       0x00007fff67a1e3d5 start + 1
8   ???                                 0x0000000000000001 0x0 + 1

for file:
1: abcdefghijklmnopqrs

Error in test 24: get_next_line(5: "limits.txt"): 
Memory leak: 0x6020000008d0 - 1 bytes
You failed to free the memory allocated at:
0   test2.out                           0x00000001098c3b97 _add_malloc + 791
1   test2.out                           0x00000001098c3867 malloc + 311
2   test2.out                           0x00000001098ca9bf ft_strjoin + 207
3   test2.out                           0x00000001098ca3d0 get_next_line + 352
4   test2.out                           0x00000001098c9b38 test_gnl_func_limits + 72
5   test2.out                           0x00000001098bd512 test_limit + 546
6   test2.out                           0x00000001098c2c0a main + 21786
7   libdyld.dylib                       0x00007fff67a1e3d5 start + 1
8   ???                                 0x0000000000000001 0x0 + 1

for file:
1: abcdefghijklmnopqrs\n
2: 

Error in test 27: get_next_line(5: "limits.txt"): 
Memory leak: 0x602000000970 - 1 bytes
You failed to free the memory allocated at:
0   test2.out                           0x00000001098c3b97 _add_malloc + 791
1   test2.out                           0x00000001098c3867 malloc + 311
2   test2.out                           0x00000001098ca9bf ft_strjoin + 207
3   test2.out                           0x00000001098ca3d0 get_next_line + 352
4   test2.out                           0x00000001098c9b38 test_gnl_func_limits + 72
5   test2.out                           0x00000001098bd512 test_limit + 546
6   test2.out                           0x00000001098c2c0a main + 21786
7   libdyld.dylib                       0x00007fff67a1e3d5 start + 1
8   ???                                 0x0000000000000001 0x0 + 1

for file:
1: abcdefghijklmnopqrst

Error in test 30: get_next_line(5: "limits.txt"): 
Memory leak: 0x602000000a10 - 1 bytes
You failed to free the memory allocated at:
0   test2.out                           0x00000001098c3b97 _add_malloc + 791
1   test2.out                           0x00000001098c3867 malloc + 311
2   test2.out                           0x00000001098ca9bf ft_strjoin + 207
3   test2.out                           0x00000001098ca3d0 get_next_line + 352
4   test2.out                           0x00000001098c9b38 test_gnl_func_limits + 72
5   test2.out                           0x00000001098bd512 test_limit + 546
6   test2.out                           0x00000001098c2c0a main + 21786
7   libdyld.dylib                       0x00007fff67a1e3d5 start + 1
8   ???                                 0x0000000000000001 0x0 + 1

for file:
1: abcdefghijklmnopqrst\n
2: 

Error in test 33: get_next_line(5: "limits.txt"): 
Memory leak: 0x602000000ab0 - 1 bytes
You failed to free the memory allocated at:
0   test2.out                           0x00000001098c3b97 _add_malloc + 791
1   test2.out                           0x00000001098c3867 malloc + 311
2   test2.out                           0x00000001098ca9bf ft_strjoin + 207
3   test2.out                           0x00000001098ca3d0 get_next_line + 352
4   test2.out                           0x00000001098c9b38 test_gnl_func_limits + 72
5   test2.out                           0x00000001098bd512 test_limit + 546
6   test2.out                           0x00000001098c2c0a main + 21786
7   libdyld.dylib                       0x00007fff67a1e3d5 start + 1
8   ???                                 0x0000000000000001 0x0 + 1

for file:
1: abcdefghijklmnopqrstu

Error in test 36: get_next_line(5: "limits.txt"): 
Memory leak: 0x602000000b50 - 1 bytes
You failed to free the memory allocated at:
0   test2.out                           0x00000001098c3b97 _add_malloc + 791
1   test2.out                           0x00000001098c3867 malloc + 311
2   test2.out                           0x00000001098ca9bf ft_strjoin + 207
3   test2.out                           0x00000001098ca3d0 get_next_line + 352
4   test2.out                           0x00000001098c9b38 test_gnl_func_limits + 72
5   test2.out                           0x00000001098bd512 test_limit + 546
6   test2.out                           0x00000001098c2c0a main + 21786
7   libdyld.dylib                       0x00007fff67a1e3d5 start + 1
8   ???                                 0x0000000000000001 0x0 + 1

for file:
1: abcdefghijklmnopqrstu\n
2: 

Error in test 40: get_next_line(5: "limits.txt"): 
Memory leak: 0x602000000cd0 - 1 bytes
You failed to free the memory allocated at:
0   test2.out                           0x00000001098c3b97 _add_malloc + 791
1   test2.out                           0x00000001098c3867 malloc + 311
2   test2.out                           0x00000001098ca9bf ft_strjoin + 207
3   test2.out                           0x00000001098ca3d0 get_next_line + 352
4   test2.out                           0x00000001098c9b38 test_gnl_func_limits + 72
5   test2.out                           0x00000001098bd512 test_limit + 546
6   test2.out                           0x00000001098c2c0a main + 21786
7   libdyld.dylib                       0x00007fff67a1e3d5 start + 1
8   ???                                 0x0000000000000001 0x0 + 1

for file:
1: abcdefghi\n
2: klmnopqrs\n
3: 

Error in test 44: get_next_line(5: "limits.txt"): 
Memory leak: 0x602000000e70 - 1 bytes
You failed to free the memory allocated at:
0   test2.out                           0x00000001098c3b97 _add_malloc + 791
1   test2.out                           0x00000001098c3867 malloc + 311
2   test2.out                           0x00000001098ca9bf ft_strjoin + 207
3   test2.out                           0x00000001098ca3d0 get_next_line + 352
4   test2.out                           0x00000001098c9b38 test_gnl_func_limits + 72
5   test2.out                           0x00000001098bd512 test_limit + 546
6   test2.out                           0x00000001098c2c0a main + 21786
7   libdyld.dylib                       0x00007fff67a1e3d5 start + 1
8   ???                                 0x0000000000000001 0x0 + 1

for file:
1: abcdefghi\n
2: klmnopqrst

Error in test 48: get_next_line(5: "limits.txt"): 
Memory leak: 0x602000001010 - 1 bytes
You failed to free the memory allocated at:
0   test2.out                           0x00000001098c3b97 _add_malloc + 791
1   test2.out                           0x00000001098c3867 malloc + 311
2   test2.out                           0x00000001098ca9bf ft_strjoin + 207
3   test2.out                           0x00000001098ca3d0 get_next_line + 352
4   test2.out                           0x00000001098c9b38 test_gnl_func_limits + 72
5   test2.out                           0x00000001098bd512 test_limit + 546
6   test2.out                           0x00000001098c2c0a main + 21786
7   libdyld.dylib                       0x00007fff67a1e3d5 start + 1
8   ???                                 0x0000000000000001 0x0 + 1

for file:
1: abcdefghi\n
2: klmnopqrst\n
3: 

Error in test 52: get_next_line(5: "limits.txt"): 
Memory leak: 0x602000001170 - 1 bytes
You failed to free the memory allocated at:
0   test2.out                           0x00000001098c3b97 _add_malloc + 791
1   test2.out                           0x00000001098c3867 malloc + 311
2   test2.out                           0x00000001098ca9bf ft_strjoin + 207
3   test2.out                           0x00000001098ca3d0 get_next_line + 352
4   test2.out                           0x00000001098c9b38 test_gnl_func_limits + 72
5   test2.out                           0x00000001098bd512 test_limit + 546
6   test2.out                           0x00000001098c2c0a main + 21786
7   libdyld.dylib                       0x00007fff67a1e3d5 start + 1
8   ???                                 0x0000000000000001 0x0 + 1

for file:
1: abcdefghij\n
2: lmnopqrs\n
3: 

Error in test 56: get_next_line(5: "limits.txt"): 
Memory leak: 0x6020000012f0 - 1 bytes
You failed to free the memory allocated at:
0   test2.out                           0x00000001098c3b97 _add_malloc + 791
1   test2.out                           0x00000001098c3867 malloc + 311
2   test2.out                           0x00000001098ca9bf ft_strjoin + 207
3   test2.out                           0x00000001098ca3d0 get_next_line + 352
4   test2.out                           0x00000001098c9b38 test_gnl_func_limits + 72
5   test2.out                           0x00000001098bd512 test_limit + 546
6   test2.out                           0x00000001098c2c0a main + 21786
7   libdyld.dylib                       0x00007fff67a1e3d5 start + 1
8   ???                                 0x0000000000000001 0x0 + 1

for file:
1: abcdefghij\n
2: lmnopqrst

Error in test 60: get_next_line(5: "limits.txt"): 
Memory leak: 0x602000001470 - 1 bytes
You failed to free the memory allocated at:
0   test2.out                           0x00000001098c3b97 _add_malloc + 791
1   test2.out                           0x00000001098c3867 malloc + 311
2   test2.out                           0x00000001098ca9bf ft_strjoin + 207
3   test2.out                           0x00000001098ca3d0 get_next_line + 352
4   test2.out                           0x00000001098c9b38 test_gnl_func_limits + 72
5   test2.out                           0x00000001098bd512 test_limit + 546
6   test2.out                           0x00000001098c2c0a main + 21786
7   libdyld.dylib                       0x00007fff67a1e3d5 start + 1
8   ???                                 0x0000000000000001 0x0 + 1

for file:
1: abcdefghij\n
2: lmnopqrst\n
3: 

##==##==##&&##==##==##./test2.out
Error in test 7: get_next_line(0: "stdin"): 
Memory leak: 0x6020000003d0 - 1 bytes
You failed to free the memory allocated at:
0   test2.out                           0x00000001098c3b97 _add_malloc + 791
1   test2.out                           0x00000001098c3867 malloc + 311
2   test2.out                           0x00000001098ca9bf ft_strjoin + 207
3   test2.out                           0x00000001098ca3d0 get_next_line + 352
4   test2.out                           0x00000001098c96d1 test_gnl_func + 65
5   test2.out                           0x00000001098c3296 main + 23462
6   libdyld.dylib                       0x00007fff67a1e3d5 start + 1
7   ???                                 0x0000000000000001 0x0 + 1

##==##==##&&##==##==##./test2.out
##==##==##&&##==##==##./test3.out
##==##==##&&##==##==##./test3.out
Error in test 3: get_next_line(5: "empty.txt"): 
Memory leak: 0x6020000001d0 - 1 bytes
You failed to free the memory allocated at:
0   test3.out                           0x000000010bed6bf7 _add_malloc + 791
1   test3.out                           0x000000010bed68c7 malloc + 311
2   test3.out                           0x000000010bedda1f ft_strjoin + 207
3   test3.out                           0x000000010bedd430 get_next_line + 352
4   test3.out                           0x000000010bedc731 test_gnl_func + 65
5   test3.out                           0x000000010bed1911 main + 3105
6   libdyld.dylib                       0x00007fff67a1e3d5 start + 1
7   ???                                 0x0000000000000001 0x0 + 1

##==##==##&&##==##==##./test3.out
Error in test 3: get_next_line(5: "1char.txt"): 
Memory leak: 0x602000000230 - 1 bytes
You failed to free the memory allocated at:
0   test3.out                           0x000000010bed6bf7 _add_malloc + 791
1   test3.out                           0x000000010bed68c7 malloc + 311
2   test3.out                           0x000000010bedda1f ft_strjoin + 207
3   test3.out                           0x000000010bedd430 get_next_line + 352
4   test3.out                           0x000000010bedc731 test_gnl_func + 65
5   test3.out                           0x000000010bed1f3c main + 4684
6   libdyld.dylib                       0x00007fff67a1e3d5 start + 1
7   ???                                 0x0000000000000001 0x0 + 1

##==##==##&&##==##==##./test3.out
Error in test 3: get_next_line(5: "one_line_no_nl.txt"): 
Memory leak: 0x6020000001d0 - 1 bytes
You failed to free the memory allocated at:
0   test3.out                           0x000000010bed6bf7 _add_malloc + 791
1   test3.out                           0x000000010bed68c7 malloc + 311
2   test3.out                           0x000000010bedda1f ft_strjoin + 207
3   test3.out                           0x000000010bedd430 get_next_line + 352
4   test3.out                           0x000000010bedc731 test_gnl_func + 65
5   test3.out                           0x000000010bed2567 main + 6263
6   libdyld.dylib                       0x00007fff67a1e3d5 start + 1
7   ???                                 0x0000000000000001 0x0 + 1

##==##==##&&##==##==##./test3.out
Error in test 3: get_next_line(5: "only_nl.txt"): 
Memory leak: 0x602000000210 - 1 bytes
You failed to free the memory allocated at:
0   test3.out                           0x000000010bed6bf7 _add_malloc + 791
1   test3.out                           0x000000010bed68c7 malloc + 311
2   test3.out                           0x000000010bedda1f ft_strjoin + 207
3   test3.out                           0x000000010bedd430 get_next_line + 352
4   test3.out                           0x000000010bedc731 test_gnl_func + 65
5   test3.out                           0x000000010bed2b92 main + 7842
6   libdyld.dylib                       0x00007fff67a1e3d5 start + 1
7   ???                                 0x0000000000000001 0x0 + 1

##==##==##&&##==##==##./test3.out
Error in test 7: get_next_line(5: "multiple_nl.txt"): 
Memory leak: 0x602000000310 - 1 bytes
You failed to free the memory allocated at:
0   test3.out                           0x000000010bed6bf7 _add_malloc + 791
1   test3.out                           0x000000010bed68c7 malloc + 311
2   test3.out                           0x000000010bedda1f ft_strjoin + 207
3   test3.out                           0x000000010bedd430 get_next_line + 352
4   test3.out                           0x000000010bedc731 test_gnl_func + 65
5   test3.out                           0x000000010bed32f9 main + 9737
6   libdyld.dylib                       0x00007fff67a1e3d5 start + 1
7   ???                                 0x0000000000000001 0x0 + 1

##==##==##&&##==##==##./test3.out
Error in test 14: get_next_line(5: "variable_nls.txt"): 
Memory leak: 0x6020000002b0 - 1 bytes
You failed to free the memory allocated at:
0   test3.out                           0x000000010bed6bf7 _add_malloc + 791
1   test3.out                           0x000000010bed68c7 malloc + 311
2   test3.out                           0x000000010bedda1f ft_strjoin + 207
3   test3.out                           0x000000010bedd430 get_next_line + 352
4   test3.out                           0x000000010bedc731 test_gnl_func + 65
5   test3.out                           0x000000010bed3c89 main + 12185
6   libdyld.dylib                       0x00007fff67a1e3d5 start + 1
7   ???                                 0x0000000000000001 0x0 + 1

##==##==##&&##==##==##./test3.out
Error in test 7: get_next_line(5: "lines_around_10.txt"): 
Memory leak: 0x602000000290 - 1 bytes
You failed to free the memory allocated at:
0   test3.out                           0x000000010bed6bf7 _add_malloc + 791
1   test3.out                           0x000000010bed68c7 malloc + 311
2   test3.out                           0x000000010bedda1f ft_strjoin + 207
3   test3.out                           0x000000010bedd430 get_next_line + 352
4   test3.out                           0x000000010bedc731 test_gnl_func + 65
5   test3.out                           0x000000010bed43f0 main + 14080
6   libdyld.dylib                       0x00007fff67a1e3d5 start + 1
7   ???                                 0x0000000000000001 0x0 + 1

##==##==##&&##==##==##./test3.out
Error in test 3: get_next_line(5: "giant_line.txt"): 
Memory leak: 0x6020000001d0 - 1 bytes
You failed to free the memory allocated at:
0   test3.out                           0x000000010bed6bf7 _add_malloc + 791
1   test3.out                           0x000000010bed68c7 malloc + 311
2   test3.out                           0x000000010bedda1f ft_strjoin + 207
3   test3.out                           0x000000010bedd430 get_next_line + 352
4   test3.out                           0x000000010bedc731 test_gnl_func + 65
5   test3.out                           0x000000010bed4a52 main + 15714
6   libdyld.dylib                       0x00007fff67a1e3d5 start + 1
7   ???                                 0x0000000000000001 0x0 + 1

##==##==##&&##==##==##./test3.out
Error in test 4: get_next_line(5: "giant_line_nl.txt"): 
Memory leak: 0x602000000230 - 1 bytes
You failed to free the memory allocated at:
0   test3.out                           0x000000010bed6bf7 _add_malloc + 791
1   test3.out                           0x000000010bed68c7 malloc + 311
2   test3.out                           0x000000010bedda1f ft_strjoin + 207
3   test3.out                           0x000000010bedd430 get_next_line + 352
4   test3.out                           0x000000010bedc731 test_gnl_func + 65
5   test3.out                           0x000000010bed5202 main + 17682
6   libdyld.dylib                       0x00007fff67a1e3d5 start + 1
7   ???                                 0x0000000000000001 0x0 + 1

##==##==##&&##==##==##./test3.out
Error in test 3: get_next_line(5: "read_error.txt"): expected: <NULL>, got: "cccccccccc\n"
Error in test 4: get_next_line(5: "read_error.txt"): expected: "aaaaaaaaaa\n", got: "dddddddddd\n"
Error in test 5: get_next_line(5: "read_error.txt"): expected: "bbbbbbbbbb\n", got: "aaaaaaaaaa\n"
Error in test 6: get_next_line(5: "read_error.txt"): expected: "cccccccccc\n", got: "bbbbbbbbbb\n"
Error in test 7: get_next_line(5: "read_error.txt"): expected: "dddddddddd\n", got: "cccccccccc\n"
Error in test 8: get_next_line(5: "read_error.txt"): expected: <NULL>, got: "dddddddddd\n"
Probable reason: You should clear the static buffer when a call to read returns -1
Error in test 9: get_next_line(5: "read_error.txt"): 
Memory leak: 0x602000000310 - 1 bytes
You failed to free the memory allocated at:
0   test3.out                           0x000000010bed6bf7 _add_malloc + 791
1   test3.out                           0x000000010bed68c7 malloc + 311
2   test3.out                           0x000000010bedd7de ft_strdup + 78
3   test3.out                           0x000000010bedd1f0 gnl_splitnl + 480
4   test3.out                           0x000000010bedd470 get_next_line + 416
5   test3.out                           0x000000010bedc731 test_gnl_func + 65
6   test3.out                           0x000000010bed5b4a main + 20058
7   libdyld.dylib                       0x00007fff67a1e3d5 start + 1
8   ???                                 0x0000000000000001 0x0 + 1

##==##==##&&##==##==##./test3.out
Error in test 7: get_next_line(0: "stdin"): 
Memory leak: 0x602000000290 - 1 bytes
You failed to free the memory allocated at:
0   test3.out                           0x000000010bed6bf7 _add_malloc + 791
1   test3.out                           0x000000010bed68c7 malloc + 311
2   test3.out                           0x000000010bedda1f ft_strjoin + 207
3   test3.out                           0x000000010bedd430 get_next_line + 352
4   test3.out                           0x000000010bedc731 test_gnl_func + 65
5   test3.out                           0x000000010bed62f6 main + 22022
6   libdyld.dylib                       0x00007fff67a1e3d5 start + 1
7   ???                                 0x0000000000000001 0x0 + 1

##==##==##&&##==##==##./test3.out
##==##==##&&##==##==##./test4.out
##==##==##&&##==##==##./test4.out
Error in test 3: get_next_line(5: "empty.txt"): 
Memory leak: 0x602000000210 - 1 bytes
You failed to free the memory allocated at:
0   test4.out                           0x0000000105b6fc27 _add_malloc + 791
1   test4.out                           0x0000000105b6f8f7 malloc + 311
2   test4.out                           0x0000000105b76b3f ft_strjoin + 207
3   test4.out                           0x0000000105b764df get_next_line + 479
4   test4.out                           0x0000000105b75761 test_gnl_func + 65
5   test4.out                           0x0000000105b6b78a main + 2826
6   libdyld.dylib                       0x00007fff67a1e3d5 start + 1
7   ???                                 0x0000000000000001 0x0 + 1

##==##==##&&##==##==##./test4.out
Error in test 3: get_next_line(5: "1char.txt"): 
Memory leak: 0x602000000270 - 1 bytes
You failed to free the memory allocated at:
0   test4.out                           0x0000000105b6fc27 _add_malloc + 791
1   test4.out                           0x0000000105b6f8f7 malloc + 311
2   test4.out                           0x0000000105b76b3f ft_strjoin + 207
3   test4.out                           0x0000000105b764df get_next_line + 479
4   test4.out                           0x0000000105b75761 test_gnl_func + 65
5   test4.out                           0x0000000105b6bdb5 main + 4405
6   libdyld.dylib                       0x00007fff67a1e3d5 start + 1
7   ???                                 0x0000000000000001 0x0 + 1

##==##==##&&##==##==##./test4.out
Error in test 3: get_next_line(5: "one_line_no_nl.txt"): 
Memory leak: 0x6020000003f0 - 1 bytes
You failed to free the memory allocated at:
0   test4.out                           0x0000000105b6fc27 _add_malloc + 791
1   test4.out                           0x0000000105b6f8f7 malloc + 311
2   test4.out                           0x0000000105b76b3f ft_strjoin + 207
3   test4.out                           0x0000000105b764df get_next_line + 479
4   test4.out                           0x0000000105b75761 test_gnl_func + 65
5   test4.out                           0x0000000105b6c3e0 main + 5984
6   libdyld.dylib                       0x00007fff67a1e3d5 start + 1
7   ???                                 0x0000000000000001 0x0 + 1

##==##==##&&##==##==##./test4.out
Error in test 3: get_next_line(5: "only_nl.txt"): 
Memory leak: 0x602000000250 - 1 bytes
You failed to free the memory allocated at:
0   test4.out                           0x0000000105b6fc27 _add_malloc + 791
1   test4.out                           0x0000000105b6f8f7 malloc + 311
2   test4.out                           0x0000000105b76b3f ft_strjoin + 207
3   test4.out                           0x0000000105b764df get_next_line + 479
4   test4.out                           0x0000000105b75761 test_gnl_func + 65
5   test4.out                           0x0000000105b6ca0b main + 7563
6   libdyld.dylib                       0x00007fff67a1e3d5 start + 1
7   ???                                 0x0000000000000001 0x0 + 1

##==##==##&&##==##==##./test4.out
Error in test 7: get_next_line(5: "multiple_nl.txt"): 
Memory leak: 0x602000000450 - 1 bytes
You failed to free the memory allocated at:
0   test4.out                           0x0000000105b6fc27 _add_malloc + 791
1   test4.out                           0x0000000105b6f8f7 malloc + 311
2   test4.out                           0x0000000105b76b3f ft_strjoin + 207
3   test4.out                           0x0000000105b764df get_next_line + 479
4   test4.out                           0x0000000105b75761 test_gnl_func + 65
5   test4.out                           0x0000000105b6d172 main + 9458
6   libdyld.dylib                       0x00007fff67a1e3d5 start + 1
7   ???                                 0x0000000000000001 0x0 + 1

##==##==##&&##==##==##./test4.out
Error in test 14: get_next_line(5: "variable_nls.txt"): 
Memory leak: 0x602000000ff0 - 1 bytes
You failed to free the memory allocated at:
0   test4.out                           0x0000000105b6fc27 _add_malloc + 791
1   test4.out                           0x0000000105b6f8f7 malloc + 311
2   test4.out                           0x0000000105b76b3f ft_strjoin + 207
3   test4.out                           0x0000000105b764df get_next_line + 479
4   test4.out                           0x0000000105b75761 test_gnl_func + 65
5   test4.out                           0x0000000105b6db02 main + 11906
6   libdyld.dylib                       0x00007fff67a1e3d5 start + 1
7   ???                                 0x0000000000000001 0x0 + 1

##==##==##&&##==##==##./test4.out
Error in test 7: get_next_line(5: "lines_around_10.txt"): 
Memory leak: 0x6020000009d0 - 1 bytes
You failed to free the memory allocated at:
0   test4.out                           0x0000000105b6fc27 _add_malloc + 791
1   test4.out                           0x0000000105b6f8f7 malloc + 311
2   test4.out                           0x0000000105b76b3f ft_strjoin + 207
3   test4.out                           0x0000000105b764df get_next_line + 479
4   test4.out                           0x0000000105b75761 test_gnl_func + 65
5   test4.out                           0x0000000105b6e269 main + 13801
6   libdyld.dylib                       0x00007fff67a1e3d5 start + 1
7   ???                                 0x0000000000000001 0x0 + 1

##==##==##&&##==##==##./test4.out
Error in test 9: get_next_line(5: "read_error.txt"): 
Memory leak: 0x602000000c50 - 1 bytes
You failed to free the memory allocated at:
0   test4.out                           0x0000000105b6fc27 _add_malloc + 791
1   test4.out                           0x0000000105b6f8f7 malloc + 311
2   test4.out                           0x0000000105b76b3f ft_strjoin + 207
3   test4.out                           0x0000000105b764df get_next_line + 479
4   test4.out                           0x0000000105b75761 test_gnl_func + 65
5   test4.out                           0x0000000105b6eb63 main + 16099
6   libdyld.dylib                       0x00007fff67a1e3d5 start + 1
7   ???                                 0x0000000000000001 0x0 + 1

##==##==##&&##==##==##./test4.out
Error in test 7: get_next_line(0: "stdin"): 
Memory leak: 0x6020000009d0 - 1 bytes
You failed to free the memory allocated at:
0   test4.out                           0x0000000105b6fc27 _add_malloc + 791
1   test4.out                           0x0000000105b6f8f7 malloc + 311
2   test4.out                           0x0000000105b76b3f ft_strjoin + 207
3   test4.out                           0x0000000105b764df get_next_line + 479
4   test4.out                           0x0000000105b75761 test_gnl_func + 65
5   test4.out                           0x0000000105b6f300 main + 18048
6   libdyld.dylib                       0x00007fff67a1e3d5 start + 1
7   ???                                 0x0000000000000001 0x0 + 1

##==##==##&&##==##==##./test4.out
##==##==##&&##==##==##./test5.out
##==##==##&&##==##==##./test5.out
Error in test 3: get_next_line(5: "empty.txt"): 
Memory leak: 0x602000000210 - 1 bytes
You failed to free the memory allocated at:
0   test5.out                           0x000000010d7d0a87 _add_malloc + 791
1   test5.out                           0x000000010d7d0757 malloc + 311
2   test5.out                           0x000000010d7d799f ft_strjoin + 207
3   test5.out                           0x000000010d7d733f get_next_line + 479
4   test5.out                           0x000000010d7d65c1 test_gnl_func + 65
5   test5.out                           0x000000010d7cb215 main + 3125
6   libdyld.dylib                       0x00007fff67a1e3d5 start + 1
7   ???                                 0x0000000000000001 0x0 + 1

##==##==##&&##==##==##./test5.out
Error in test 3: get_next_line(5: "1char.txt"): 
Memory leak: 0x602000000270 - 1 bytes
You failed to free the memory allocated at:
0   test5.out                           0x000000010d7d0a87 _add_malloc + 791
1   test5.out                           0x000000010d7d0757 malloc + 311
2   test5.out                           0x000000010d7d799f ft_strjoin + 207
3   test5.out                           0x000000010d7d733f get_next_line + 479
4   test5.out                           0x000000010d7d65c1 test_gnl_func + 65
5   test5.out                           0x000000010d7cb840 main + 4704
6   libdyld.dylib                       0x00007fff67a1e3d5 start + 1
7   ???                                 0x0000000000000001 0x0 + 1

##==##==##&&##==##==##./test5.out
Error in test 3: get_next_line(5: "one_line_no_nl.txt"): 
Memory leak: 0x602000000230 - 1 bytes
You failed to free the memory allocated at:
0   test5.out                           0x000000010d7d0a87 _add_malloc + 791
1   test5.out                           0x000000010d7d0757 malloc + 311
2   test5.out                           0x000000010d7d799f ft_strjoin + 207
3   test5.out                           0x000000010d7d733f get_next_line + 479
4   test5.out                           0x000000010d7d65c1 test_gnl_func + 65
5   test5.out                           0x000000010d7cbe6b main + 6283
6   libdyld.dylib                       0x00007fff67a1e3d5 start + 1
7   ???                                 0x0000000000000001 0x0 + 1

##==##==##&&##==##==##./test5.out
Error in test 3: get_next_line(5: "only_nl.txt"): 
Memory leak: 0x602000000250 - 1 bytes
You failed to free the memory allocated at:
0   test5.out                           0x000000010d7d0a87 _add_malloc + 791
1   test5.out                           0x000000010d7d0757 malloc + 311
2   test5.out                           0x000000010d7d799f ft_strjoin + 207
3   test5.out                           0x000000010d7d733f get_next_line + 479
4   test5.out                           0x000000010d7d65c1 test_gnl_func + 65
5   test5.out                           0x000000010d7cc496 main + 7862
6   libdyld.dylib                       0x00007fff67a1e3d5 start + 1
7   ???                                 0x0000000000000001 0x0 + 1

##==##==##&&##==##==##./test5.out
Error in test 7: get_next_line(5: "multiple_nl.txt"): 
Memory leak: 0x6020000003d0 - 1 bytes
You failed to free the memory allocated at:
0   test5.out                           0x000000010d7d0a87 _add_malloc + 791
1   test5.out                           0x000000010d7d0757 malloc + 311
2   test5.out                           0x000000010d7d799f ft_strjoin + 207
3   test5.out                           0x000000010d7d733f get_next_line + 479
4   test5.out                           0x000000010d7d65c1 test_gnl_func + 65
5   test5.out                           0x000000010d7ccbfd main + 9757
6   libdyld.dylib                       0x00007fff67a1e3d5 start + 1
7   ???                                 0x0000000000000001 0x0 + 1

##==##==##&&##==##==##./test5.out
Error in test 14: get_next_line(5: "variable_nls.txt"): 
Memory leak: 0x602000000610 - 1 bytes
You failed to free the memory allocated at:
0   test5.out                           0x000000010d7d0a87 _add_malloc + 791
1   test5.out                           0x000000010d7d0757 malloc + 311
2   test5.out                           0x000000010d7d799f ft_strjoin + 207
3   test5.out                           0x000000010d7d733f get_next_line + 479
4   test5.out                           0x000000010d7d65c1 test_gnl_func + 65
5   test5.out                           0x000000010d7cd58d main + 12205
6   libdyld.dylib                       0x00007fff67a1e3d5 start + 1
7   ???                                 0x0000000000000001 0x0 + 1

##==##==##&&##==##==##./test5.out
Error in test 7: get_next_line(5: "lines_around_10.txt"): 
Memory leak: 0x6020000003d0 - 1 bytes
You failed to free the memory allocated at:
0   test5.out                           0x000000010d7d0a87 _add_malloc + 791
1   test5.out                           0x000000010d7d0757 malloc + 311
2   test5.out                           0x000000010d7d799f ft_strjoin + 207
3   test5.out                           0x000000010d7d733f get_next_line + 479
4   test5.out                           0x000000010d7d65c1 test_gnl_func + 65
5   test5.out                           0x000000010d7cdcf4 main + 14100
6   libdyld.dylib                       0x00007fff67a1e3d5 start + 1
7   ???                                 0x0000000000000001 0x0 + 1

##==##==##&&##==##==##./test5.out
Error in test 3: get_next_line(5: "giant_line.txt"): 
Memory leak: 0x602000000230 - 1 bytes
You failed to free the memory allocated at:
0   test5.out                           0x000000010d7d0a87 _add_malloc + 791
1   test5.out                           0x000000010d7d0757 malloc + 311
2   test5.out                           0x000000010d7d799f ft_strjoin + 207
3   test5.out                           0x000000010d7d733f get_next_line + 479
4   test5.out                           0x000000010d7d65c1 test_gnl_func + 65
5   test5.out                           0x000000010d7ce356 main + 15734
6   libdyld.dylib                       0x00007fff67a1e3d5 start + 1
7   ???                                 0x0000000000000001 0x0 + 1

##==##==##&&##==##==##./test5.out
Error in test 4: get_next_line(5: "giant_line_nl.txt"): 
Memory leak: 0x6020000002d0 - 1 bytes
You failed to free the memory allocated at:
0   test5.out                           0x000000010d7d0a87 _add_malloc + 791
1   test5.out                           0x000000010d7d0757 malloc + 311
2   test5.out                           0x000000010d7d799f ft_strjoin + 207
3   test5.out                           0x000000010d7d733f get_next_line + 479
4   test5.out                           0x000000010d7d65c1 test_gnl_func + 65
5   test5.out                           0x000000010d7ceb06 main + 17702
6   libdyld.dylib                       0x00007fff67a1e3d5 start + 1
7   ???                                 0x0000000000000001 0x0 + 1

##==##==##&&##==##==##./test5.out
Error in test 4: get_next_line(5: "read_error.txt"): expected: "aaaaaaaaaa\n", got: "ccccccccaaaaaaaaaa\n"
Probable reason: You should clear the static buffer when a call to read returns -1
Error in test 9: get_next_line(5: "read_error.txt"): 
Memory leak: 0x602000000430 - 1 bytes
You failed to free the memory allocated at:
0   test5.out                           0x000000010d7d0a87 _add_malloc + 791
1   test5.out                           0x000000010d7d0757 malloc + 311
2   test5.out                           0x000000010d7d799f ft_strjoin + 207
3   test5.out                           0x000000010d7d733f get_next_line + 479
4   test5.out                           0x000000010d7d65c1 test_gnl_func + 65
5   test5.out                           0x000000010d7cf423 main + 20035
6   libdyld.dylib                       0x00007fff67a1e3d5 start + 1
7   ???                                 0x0000000000000001 0x0 + 1

##==##==##&&##==##==##./test5.out
Error in test 3: get_next_line(5: "limits.txt"): 
Memory leak: 0x602000000290 - 1 bytes
You failed to free the memory allocated at:
0   test5.out                           0x000000010d7d0a87 _add_malloc + 791
1   test5.out                           0x000000010d7d0757 malloc + 311
2   test5.out                           0x000000010d7d799f ft_strjoin + 207
3   test5.out                           0x000000010d7d733f get_next_line + 479
4   test5.out                           0x000000010d7d6a28 test_gnl_func_limits + 72
5   test5.out                           0x000000010d7ca402 test_limit + 546
6   test5.out                           0x000000010d7cfafa main + 21786
7   libdyld.dylib                       0x00007fff67a1e3d5 start + 1
8   ???                                 0x0000000000000001 0x0 + 1

for file:
1: abcdefghi

Error in test 6: get_next_line(5: "limits.txt"): 
Memory leak: 0x602000000370 - 1 bytes
You failed to free the memory allocated at:
0   test5.out                           0x000000010d7d0a87 _add_malloc + 791
1   test5.out                           0x000000010d7d0757 malloc + 311
2   test5.out                           0x000000010d7d799f ft_strjoin + 207
3   test5.out                           0x000000010d7d733f get_next_line + 479
4   test5.out                           0x000000010d7d6a28 test_gnl_func_limits + 72
5   test5.out                           0x000000010d7ca402 test_limit + 546
6   test5.out                           0x000000010d7cfafa main + 21786
7   libdyld.dylib                       0x00007fff67a1e3d5 start + 1
8   ???                                 0x0000000000000001 0x0 + 1

for file:
1: abcdefghi\n
2: 

Error in test 9: get_next_line(5: "limits.txt"): 
Memory leak: 0x602000000470 - 1 bytes
You failed to free the memory allocated at:
0   test5.out                           0x000000010d7d0a87 _add_malloc + 791
1   test5.out                           0x000000010d7d0757 malloc + 311
2   test5.out                           0x000000010d7d799f ft_strjoin + 207
3   test5.out                           0x000000010d7d733f get_next_line + 479
4   test5.out                           0x000000010d7d6a28 test_gnl_func_limits + 72
5   test5.out                           0x000000010d7ca402 test_limit + 546
6   test5.out                           0x000000010d7cfafa main + 21786
7   libdyld.dylib                       0x00007fff67a1e3d5 start + 1
8   ???                                 0x0000000000000001 0x0 + 1

for file:
1: abcdefghij

Error in test 12: get_next_line(5: "limits.txt"): 
Memory leak: 0x602000000570 - 1 bytes
You failed to free the memory allocated at:
0   test5.out                           0x000000010d7d0a87 _add_malloc + 791
1   test5.out                           0x000000010d7d0757 malloc + 311
2   test5.out                           0x000000010d7d799f ft_strjoin + 207
3   test5.out                           0x000000010d7d733f get_next_line + 479
4   test5.out                           0x000000010d7d6a28 test_gnl_func_limits + 72
5   test5.out                           0x000000010d7ca402 test_limit + 546
6   test5.out                           0x000000010d7cfafa main + 21786
7   libdyld.dylib                       0x00007fff67a1e3d5 start + 1
8   ???                                 0x0000000000000001 0x0 + 1

for file:
1: abcdefghij\n
2: 

Error in test 15: get_next_line(5: "limits.txt"): 
Memory leak: 0x602000000690 - 1 bytes
You failed to free the memory allocated at:
0   test5.out                           0x000000010d7d0a87 _add_malloc + 791
1   test5.out                           0x000000010d7d0757 malloc + 311
2   test5.out                           0x000000010d7d799f ft_strjoin + 207
3   test5.out                           0x000000010d7d733f get_next_line + 479
4   test5.out                           0x000000010d7d6a28 test_gnl_func_limits + 72
5   test5.out                           0x000000010d7ca402 test_limit + 546
6   test5.out                           0x000000010d7cfafa main + 21786
7   libdyld.dylib                       0x00007fff67a1e3d5 start + 1
8   ???                                 0x0000000000000001 0x0 + 1

for file:
1: abcdefghijk

Error in test 18: get_next_line(5: "limits.txt"): 
Memory leak: 0x602000000790 - 1 bytes
You failed to free the memory allocated at:
0   test5.out                           0x000000010d7d0a87 _add_malloc + 791
1   test5.out                           0x000000010d7d0757 malloc + 311
2   test5.out                           0x000000010d7d799f ft_strjoin + 207
3   test5.out                           0x000000010d7d733f get_next_line + 479
4   test5.out                           0x000000010d7d6a28 test_gnl_func_limits + 72
5   test5.out                           0x000000010d7ca402 test_limit + 546
6   test5.out                           0x000000010d7cfafa main + 21786
7   libdyld.dylib                       0x00007fff67a1e3d5 start + 1
8   ???                                 0x0000000000000001 0x0 + 1

for file:
1: abcdefghijk\n
2: 

Error in test 21: get_next_line(5: "limits.txt"): 
Memory leak: 0x602000000830 - 1 bytes
You failed to free the memory allocated at:
0   test5.out                           0x000000010d7d0a87 _add_malloc + 791
1   test5.out                           0x000000010d7d0757 malloc + 311
2   test5.out                           0x000000010d7d799f ft_strjoin + 207
3   test5.out                           0x000000010d7d733f get_next_line + 479
4   test5.out                           0x000000010d7d6a28 test_gnl_func_limits + 72
5   test5.out                           0x000000010d7ca402 test_limit + 546
6   test5.out                           0x000000010d7cfafa main + 21786
7   libdyld.dylib                       0x00007fff67a1e3d5 start + 1
8   ???                                 0x0000000000000001 0x0 + 1

for file:
1: abcdefghijklmnopqrs

Error in test 24: get_next_line(5: "limits.txt"): 
Memory leak: 0x6020000008d0 - 1 bytes
You failed to free the memory allocated at:
0   test5.out                           0x000000010d7d0a87 _add_malloc + 791
1   test5.out                           0x000000010d7d0757 malloc + 311
2   test5.out                           0x000000010d7d799f ft_strjoin + 207
3   test5.out                           0x000000010d7d733f get_next_line + 479
4   test5.out                           0x000000010d7d6a28 test_gnl_func_limits + 72
5   test5.out                           0x000000010d7ca402 test_limit + 546
6   test5.out                           0x000000010d7cfafa main + 21786
7   libdyld.dylib                       0x00007fff67a1e3d5 start + 1
8   ???                                 0x0000000000000001 0x0 + 1

for file:
1: abcdefghijklmnopqrs\n
2: 

Error in test 27: get_next_line(5: "limits.txt"): 
Memory leak: 0x602000000970 - 1 bytes
You failed to free the memory allocated at:
0   test5.out                           0x000000010d7d0a87 _add_malloc + 791
1   test5.out                           0x000000010d7d0757 malloc + 311
2   test5.out                           0x000000010d7d799f ft_strjoin + 207
3   test5.out                           0x000000010d7d733f get_next_line + 479
4   test5.out                           0x000000010d7d6a28 test_gnl_func_limits + 72
5   test5.out                           0x000000010d7ca402 test_limit + 546
6   test5.out                           0x000000010d7cfafa main + 21786
7   libdyld.dylib                       0x00007fff67a1e3d5 start + 1
8   ???                                 0x0000000000000001 0x0 + 1

for file:
1: abcdefghijklmnopqrst

Error in test 30: get_next_line(5: "limits.txt"): 
Memory leak: 0x602000000a10 - 1 bytes
You failed to free the memory allocated at:
0   test5.out                           0x000000010d7d0a87 _add_malloc + 791
1   test5.out                           0x000000010d7d0757 malloc + 311
2   test5.out                           0x000000010d7d799f ft_strjoin + 207
3   test5.out                           0x000000010d7d733f get_next_line + 479
4   test5.out                           0x000000010d7d6a28 test_gnl_func_limits + 72
5   test5.out                           0x000000010d7ca402 test_limit + 546
6   test5.out                           0x000000010d7cfafa main + 21786
7   libdyld.dylib                       0x00007fff67a1e3d5 start + 1
8   ???                                 0x0000000000000001 0x0 + 1

for file:
1: abcdefghijklmnopqrst\n
2: 

Error in test 33: get_next_line(5: "limits.txt"): 
Memory leak: 0x602000000ab0 - 1 bytes
You failed to free the memory allocated at:
0   test5.out                           0x000000010d7d0a87 _add_malloc + 791
1   test5.out                           0x000000010d7d0757 malloc + 311
2   test5.out                           0x000000010d7d799f ft_strjoin + 207
3   test5.out                           0x000000010d7d733f get_next_line + 479
4   test5.out                           0x000000010d7d6a28 test_gnl_func_limits + 72
5   test5.out                           0x000000010d7ca402 test_limit + 546
6   test5.out                           0x000000010d7cfafa main + 21786
7   libdyld.dylib                       0x00007fff67a1e3d5 start + 1
8   ???                                 0x0000000000000001 0x0 + 1

for file:
1: abcdefghijklmnopqrstu

Error in test 36: get_next_line(5: "limits.txt"): 
Memory leak: 0x602000000b50 - 1 bytes
You failed to free the memory allocated at:
0   test5.out                           0x000000010d7d0a87 _add_malloc + 791
1   test5.out                           0x000000010d7d0757 malloc + 311
2   test5.out                           0x000000010d7d799f ft_strjoin + 207
3   test5.out                           0x000000010d7d733f get_next_line + 479
4   test5.out                           0x000000010d7d6a28 test_gnl_func_limits + 72
5   test5.out                           0x000000010d7ca402 test_limit + 546
6   test5.out                           0x000000010d7cfafa main + 21786
7   libdyld.dylib                       0x00007fff67a1e3d5 start + 1
8   ???                                 0x0000000000000001 0x0 + 1

for file:
1: abcdefghijklmnopqrstu\n
2: 

Error in test 40: get_next_line(5: "limits.txt"): 
Memory leak: 0x602000000cd0 - 1 bytes
You failed to free the memory allocated at:
0   test5.out                           0x000000010d7d0a87 _add_malloc + 791
1   test5.out                           0x000000010d7d0757 malloc + 311
2   test5.out                           0x000000010d7d799f ft_strjoin + 207
3   test5.out                           0x000000010d7d733f get_next_line + 479
4   test5.out                           0x000000010d7d6a28 test_gnl_func_limits + 72
5   test5.out                           0x000000010d7ca402 test_limit + 546
6   test5.out                           0x000000010d7cfafa main + 21786
7   libdyld.dylib                       0x00007fff67a1e3d5 start + 1
8   ???                                 0x0000000000000001 0x0 + 1

for file:
1: abcdefghi\n
2: klmnopqrs\n
3: 

Error in test 44: get_next_line(5: "limits.txt"): 
Memory leak: 0x602000000e70 - 1 bytes
You failed to free the memory allocated at:
0   test5.out                           0x000000010d7d0a87 _add_malloc + 791
1   test5.out                           0x000000010d7d0757 malloc + 311
2   test5.out                           0x000000010d7d799f ft_strjoin + 207
3   test5.out                           0x000000010d7d733f get_next_line + 479
4   test5.out                           0x000000010d7d6a28 test_gnl_func_limits + 72
5   test5.out                           0x000000010d7ca402 test_limit + 546
6   test5.out                           0x000000010d7cfafa main + 21786
7   libdyld.dylib                       0x00007fff67a1e3d5 start + 1
8   ???                                 0x0000000000000001 0x0 + 1

for file:
1: abcdefghi\n
2: klmnopqrst

Error in test 48: get_next_line(5: "limits.txt"): 
Memory leak: 0x602000001010 - 1 bytes
You failed to free the memory allocated at:
0   test5.out                           0x000000010d7d0a87 _add_malloc + 791
1   test5.out                           0x000000010d7d0757 malloc + 311
2   test5.out                           0x000000010d7d799f ft_strjoin + 207
3   test5.out                           0x000000010d7d733f get_next_line + 479
4   test5.out                           0x000000010d7d6a28 test_gnl_func_limits + 72
5   test5.out                           0x000000010d7ca402 test_limit + 546
6   test5.out                           0x000000010d7cfafa main + 21786
7   libdyld.dylib                       0x00007fff67a1e3d5 start + 1
8   ???                                 0x0000000000000001 0x0 + 1

for file:
1: abcdefghi\n
2: klmnopqrst\n
3: 

Error in test 52: get_next_line(5: "limits.txt"): 
Memory leak: 0x602000001170 - 1 bytes
You failed to free the memory allocated at:
0   test5.out                           0x000000010d7d0a87 _add_malloc + 791
1   test5.out                           0x000000010d7d0757 malloc + 311
2   test5.out                           0x000000010d7d799f ft_strjoin + 207
3   test5.out                           0x000000010d7d733f get_next_line + 479
4   test5.out                           0x000000010d7d6a28 test_gnl_func_limits + 72
5   test5.out                           0x000000010d7ca402 test_limit + 546
6   test5.out                           0x000000010d7cfafa main + 21786
7   libdyld.dylib                       0x00007fff67a1e3d5 start + 1
8   ???                                 0x0000000000000001 0x0 + 1

for file:
1: abcdefghij\n
2: lmnopqrs\n
3: 

Error in test 56: get_next_line(5: "limits.txt"): 
Memory leak: 0x6020000012f0 - 1 bytes
You failed to free the memory allocated at:
0   test5.out                           0x000000010d7d0a87 _add_malloc + 791
1   test5.out                           0x000000010d7d0757 malloc + 311
2   test5.out                           0x000000010d7d799f ft_strjoin + 207
3   test5.out                           0x000000010d7d733f get_next_line + 479
4   test5.out                           0x000000010d7d6a28 test_gnl_func_limits + 72
5   test5.out                           0x000000010d7ca402 test_limit + 546
6   test5.out                           0x000000010d7cfafa main + 21786
7   libdyld.dylib                       0x00007fff67a1e3d5 start + 1
8   ???                                 0x0000000000000001 0x0 + 1

for file:
1: abcdefghij\n
2: lmnopqrst

Error in test 60: get_next_line(5: "limits.txt"): 
Memory leak: 0x602000001470 - 1 bytes
You failed to free the memory allocated at:
0   test5.out                           0x000000010d7d0a87 _add_malloc + 791
1   test5.out                           0x000000010d7d0757 malloc + 311
2   test5.out                           0x000000010d7d799f ft_strjoin + 207
3   test5.out                           0x000000010d7d733f get_next_line + 479
4   test5.out                           0x000000010d7d6a28 test_gnl_func_limits + 72
5   test5.out                           0x000000010d7ca402 test_limit + 546
6   test5.out                           0x000000010d7cfafa main + 21786
7   libdyld.dylib                       0x00007fff67a1e3d5 start + 1
8   ???                                 0x0000000000000001 0x0 + 1

for file:
1: abcdefghij\n
2: lmnopqrst\n
3: 

##==##==##&&##==##==##./test5.out
Error in test 7: get_next_line(0: "stdin"): 
Memory leak: 0x6020000003d0 - 1 bytes
You failed to free the memory allocated at:
0   test5.out                           0x000000010d7d0a87 _add_malloc + 791
1   test5.out                           0x000000010d7d0757 malloc + 311
2   test5.out                           0x000000010d7d799f ft_strjoin + 207
3   test5.out                           0x000000010d7d733f get_next_line + 479
4   test5.out                           0x000000010d7d65c1 test_gnl_func + 65
5   test5.out                           0x000000010d7d0186 main + 23462
6   libdyld.dylib                       0x00007fff67a1e3d5 start + 1
7   ???                                 0x0000000000000001 0x0 + 1

##==##==##&&##==##==##./test5.out
##==##==##&&##==##==##./test6.out
##==##==##&&##==##==##./test6.out
Error in test 3: get_next_line(5: "empty.txt"): 
Memory leak: 0x6020000001d0 - 1 bytes
You failed to free the memory allocated at:
0   test6.out                           0x0000000108eb3ae7 _add_malloc + 791
1   test6.out                           0x0000000108eb37b7 malloc + 311
2   test6.out                           0x0000000108eba9ff ft_strjoin + 207
3   test6.out                           0x0000000108eba39f get_next_line + 479
4   test6.out                           0x0000000108eb9621 test_gnl_func + 65
5   test6.out                           0x0000000108eae801 main + 3105
6   libdyld.dylib                       0x00007fff67a1e3d5 start + 1
7   ???                                 0x0000000000000001 0x0 + 1

##==##==##&&##==##==##./test6.out
Error in test 3: get_next_line(5: "1char.txt"): 
Memory leak: 0x602000000230 - 1 bytes
You failed to free the memory allocated at:
0   test6.out                           0x0000000108eb3ae7 _add_malloc + 791
1   test6.out                           0x0000000108eb37b7 malloc + 311
2   test6.out                           0x0000000108eba9ff ft_strjoin + 207
3   test6.out                           0x0000000108eba39f get_next_line + 479
4   test6.out                           0x0000000108eb9621 test_gnl_func + 65
5   test6.out                           0x0000000108eaee2c main + 4684
6   libdyld.dylib                       0x00007fff67a1e3d5 start + 1
7   ???                                 0x0000000000000001 0x0 + 1

##==##==##&&##==##==##./test6.out
Error in test 3: get_next_line(5: "one_line_no_nl.txt"): 
Memory leak: 0x6020000001d0 - 1 bytes
You failed to free the memory allocated at:
0   test6.out                           0x0000000108eb3ae7 _add_malloc + 791
1   test6.out                           0x0000000108eb37b7 malloc + 311
2   test6.out                           0x0000000108eba9ff ft_strjoin + 207
3   test6.out                           0x0000000108eba39f get_next_line + 479
4   test6.out                           0x0000000108eb9621 test_gnl_func + 65
5   test6.out                           0x0000000108eaf457 main + 6263
6   libdyld.dylib                       0x00007fff67a1e3d5 start + 1
7   ???                                 0x0000000000000001 0x0 + 1

##==##==##&&##==##==##./test6.out
Error in test 3: get_next_line(5: "only_nl.txt"): 
Memory leak: 0x602000000210 - 1 bytes
You failed to free the memory allocated at:
0   test6.out                           0x0000000108eb3ae7 _add_malloc + 791
1   test6.out                           0x0000000108eb37b7 malloc + 311
2   test6.out                           0x0000000108eba9ff ft_strjoin + 207
3   test6.out                           0x0000000108eba39f get_next_line + 479
4   test6.out                           0x0000000108eb9621 test_gnl_func + 65
5   test6.out                           0x0000000108eafa82 main + 7842
6   libdyld.dylib                       0x00007fff67a1e3d5 start + 1
7   ???                                 0x0000000000000001 0x0 + 1

##==##==##&&##==##==##./test6.out
Error in test 7: get_next_line(5: "multiple_nl.txt"): 
Memory leak: 0x602000000310 - 1 bytes
You failed to free the memory allocated at:
0   test6.out                           0x0000000108eb3ae7 _add_malloc + 791
1   test6.out                           0x0000000108eb37b7 malloc + 311
2   test6.out                           0x0000000108eba9ff ft_strjoin + 207
3   test6.out                           0x0000000108eba39f get_next_line + 479
4   test6.out                           0x0000000108eb9621 test_gnl_func + 65
5   test6.out                           0x0000000108eb01e9 main + 9737
6   libdyld.dylib                       0x00007fff67a1e3d5 start + 1
7   ???                                 0x0000000000000001 0x0 + 1

##==##==##&&##==##==##./test6.out
Error in test 14: get_next_line(5: "variable_nls.txt"): 
Memory leak: 0x6020000002b0 - 1 bytes
You failed to free the memory allocated at:
0   test6.out                           0x0000000108eb3ae7 _add_malloc + 791
1   test6.out                           0x0000000108eb37b7 malloc + 311
2   test6.out                           0x0000000108eba9ff ft_strjoin + 207
3   test6.out                           0x0000000108eba39f get_next_line + 479
4   test6.out                           0x0000000108eb9621 test_gnl_func + 65
5   test6.out                           0x0000000108eb0b79 main + 12185
6   libdyld.dylib                       0x00007fff67a1e3d5 start + 1
7   ???                                 0x0000000000000001 0x0 + 1

##==##==##&&##==##==##./test6.out
Error in test 7: get_next_line(5: "lines_around_10.txt"): 
Memory leak: 0x602000000290 - 1 bytes
You failed to free the memory allocated at:
0   test6.out                           0x0000000108eb3ae7 _add_malloc + 791
1   test6.out                           0x0000000108eb37b7 malloc + 311
2   test6.out                           0x0000000108eba9ff ft_strjoin + 207
3   test6.out                           0x0000000108eba39f get_next_line + 479
4   test6.out                           0x0000000108eb9621 test_gnl_func + 65
5   test6.out                           0x0000000108eb12e0 main + 14080
6   libdyld.dylib                       0x00007fff67a1e3d5 start + 1
7   ???                                 0x0000000000000001 0x0 + 1

##==##==##&&##==##==##./test6.out
Error in test 3: get_next_line(5: "giant_line.txt"): 
Memory leak: 0x6020000001d0 - 1 bytes
You failed to free the memory allocated at:
0   test6.out                           0x0000000108eb3ae7 _add_malloc + 791
1   test6.out                           0x0000000108eb37b7 malloc + 311
2   test6.out                           0x0000000108eba9ff ft_strjoin + 207
3   test6.out                           0x0000000108eba39f get_next_line + 479
4   test6.out                           0x0000000108eb9621 test_gnl_func + 65
5   test6.out                           0x0000000108eb1942 main + 15714
6   libdyld.dylib                       0x00007fff67a1e3d5 start + 1
7   ???                                 0x0000000000000001 0x0 + 1

##==##==##&&##==##==##./test6.out
Error in test 4: get_next_line(5: "giant_line_nl.txt"): 
Memory leak: 0x602000000230 - 1 bytes
You failed to free the memory allocated at:
0   test6.out                           0x0000000108eb3ae7 _add_malloc + 791
1   test6.out                           0x0000000108eb37b7 malloc + 311
2   test6.out                           0x0000000108eba9ff ft_strjoin + 207
3   test6.out                           0x0000000108eba39f get_next_line + 479
4   test6.out                           0x0000000108eb9621 test_gnl_func + 65
5   test6.out                           0x0000000108eb20f2 main + 17682
6   libdyld.dylib                       0x00007fff67a1e3d5 start + 1
7   ???                                 0x0000000000000001 0x0 + 1

##==##==##&&##==##==##./test6.out
Error in test 3: get_next_line(5: "read_error.txt"): expected: <NULL>, got: "cccccccccc\n"
Error in test 4: get_next_line(5: "read_error.txt"): expected: "aaaaaaaaaa\n", got: "dddddddddd\n"
Error in test 5: get_next_line(5: "read_error.txt"): expected: "bbbbbbbbbb\n", got: "aaaaaaaaaa\n"
Error in test 6: get_next_line(5: "read_error.txt"): expected: "cccccccccc\n", got: "bbbbbbbbbb\n"
Error in test 7: get_next_line(5: "read_error.txt"): expected: "dddddddddd\n", got: "cccccccccc\n"
Error in test 8: get_next_line(5: "read_error.txt"): expected: <NULL>, got: "dddddddddd\n"
Probable reason: You should clear the static buffer when a call to read returns -1
Error in test 9: get_next_line(5: "read_error.txt"): 
Memory leak: 0x602000000310 - 1 bytes
You failed to free the memory allocated at:
0   test6.out                           0x0000000108eb3ae7 _add_malloc + 791
1   test6.out                           0x0000000108eb37b7 malloc + 311
2   test6.out                           0x0000000108eba7be ft_strdup + 78
3   test6.out                           0x0000000108eba0e0 gnl_splitnl + 480
4   test6.out                           0x0000000108eba4b7 get_next_line + 759
5   test6.out                           0x0000000108eb9621 test_gnl_func + 65
6   test6.out                           0x0000000108eb2a3a main + 20058
7   libdyld.dylib                       0x00007fff67a1e3d5 start + 1
8   ???                                 0x0000000000000001 0x0 + 1

##==##==##&&##==##==##./test6.out
Error in test 7: get_next_line(0: "stdin"): 
Memory leak: 0x602000000290 - 1 bytes
You failed to free the memory allocated at:
0   test6.out                           0x0000000108eb3ae7 _add_malloc + 791
1   test6.out                           0x0000000108eb37b7 malloc + 311
2   test6.out                           0x0000000108eba9ff ft_strjoin + 207
3   test6.out                           0x0000000108eba39f get_next_line + 479
4   test6.out                           0x0000000108eb9621 test_gnl_func + 65
5   test6.out                           0x0000000108eb31e6 main + 22022
6   libdyld.dylib                       0x00007fff67a1e3d5 start + 1
7   ???                                 0x0000000000000001 0x0 + 1

##==##==##&&##==##==##./test6.out
##==##==##&&##==##==##./test7.out
Error in test 15: get_next_line(5: "open, error, open"): 
Memory leak: 0x602000001290 - 1 bytes
You failed to free the memory allocated at:
0   test7.out                           0x0000000101af5687 _add_malloc + 791
1   test7.out                           0x0000000101af5357 malloc + 311
2   test7.out                           0x0000000101afc59f ft_strjoin + 207
3   test7.out                           0x0000000101afbf3f get_next_line + 479
4   test7.out                           0x0000000101afb1c1 test_gnl_func + 65
5   test7.out                           0x0000000101af36e0 main + 2128
6   libdyld.dylib                       0x00007fff67a1e3d5 start + 1
7   ???                                 0x0000000000000001 0x0 + 1

Memory leak: 0x602000001490 - 1 bytes
You failed to free the memory allocated at:
0   test7.out                           0x0000000101af5687 _add_malloc + 791
1   test7.out                           0x0000000101af5357 malloc + 311
2   test7.out                           0x0000000101afc59f ft_strjoin + 207
3   test7.out                           0x0000000101afbf3f get_next_line + 479
4   test7.out                           0x0000000101afb1c1 test_gnl_func + 65
5   test7.out                           0x0000000101af377b main + 2283
6   libdyld.dylib                       0x00007fff67a1e3d5 start + 1
7   ???                                 0x0000000000000001 0x0 + 1

##==##==##&&##==##==##./test7.out
Error in test 13: get_next_line(5: "2 file descriptors"): 
Memory leak: 0x602000000d30 - 1 bytes
You failed to free the memory allocated at:
0   test7.out                           0x0000000101af5687 _add_malloc + 791
1   test7.out                           0x0000000101af5357 malloc + 311
2   test7.out                           0x0000000101afc59f ft_strjoin + 207
3   test7.out                           0x0000000101afbf3f get_next_line + 479
4   test7.out                           0x0000000101afb1c1 test_gnl_func + 65
5   test7.out                           0x0000000101af3fa4 main + 4372
6   libdyld.dylib                       0x00007fff67a1e3d5 start + 1
7   ???                                 0x0000000000000001 0x0 + 1

Memory leak: 0x602000001210 - 1 bytes
You failed to free the memory allocated at:
0   test7.out                           0x0000000101af5687 _add_malloc + 791
1   test7.out                           0x0000000101af5357 malloc + 311
2   test7.out                           0x0000000101afc59f ft_strjoin + 207
3   test7.out                           0x0000000101afbf3f get_next_line + 479
4   test7.out                           0x0000000101afb1c1 test_gnl_func + 65
5   test7.out                           0x0000000101af40dd main + 4685
6   libdyld.dylib                       0x00007fff67a1e3d5 start + 1
7   ???                                 0x0000000000000001 0x0 + 1

##==##==##&&##==##==##./test7.out
Error in test 23: get_next_line(7: "multiple fds"): 
Memory leak: 0x6020000012b0 - 1 bytes
You failed to free the memory allocated at:
0   test7.out                           0x0000000101af5687 _add_malloc + 791
1   test7.out                           0x0000000101af5357 malloc + 311
2   test7.out                           0x0000000101afc59f ft_strjoin + 207
3   test7.out                           0x0000000101afbf3f get_next_line + 479
4   test7.out                           0x0000000101afb1c1 test_gnl_func + 65
5   test7.out                           0x0000000101af4aab main + 7195
6   libdyld.dylib                       0x00007fff67a1e3d5 start + 1
7   ???                                 0x0000000000000001 0x0 + 1

Memory leak: 0x602000001a30 - 1 bytes
You failed to free the memory allocated at:
0   test7.out                           0x0000000101af5687 _add_malloc + 791
1   test7.out                           0x0000000101af5357 malloc + 311
2   test7.out                           0x0000000101afc59f ft_strjoin + 207
3   test7.out                           0x0000000101afbf3f get_next_line + 479
4   test7.out                           0x0000000101afb1c1 test_gnl_func + 65
5   test7.out                           0x0000000101af4c49 main + 7609
6   libdyld.dylib                       0x00007fff67a1e3d5 start + 1
7   ???                                 0x0000000000000001 0x0 + 1

Memory leak: 0x602000001e10 - 1 bytes
You failed to free the memory allocated at:
0   test7.out                           0x0000000101af5687 _add_malloc + 791
1   test7.out                           0x0000000101af5357 malloc + 311
2   test7.out                           0x0000000101afc59f ft_strjoin + 207
3   test7.out                           0x0000000101afbf3f get_next_line + 479
4   test7.out                           0x0000000101afb1c1 test_gnl_func + 65
5   test7.out                           0x0000000101af4d18 main + 7816
6   libdyld.dylib                       0x00007fff67a1e3d5 start + 1
7   ???                                 0x0000000000000001 0x0 + 1

Memory leak: 0x602000001f50 - 1 bytes
You failed to free the memory allocated at:
0   test7.out                           0x0000000101af5687 _add_malloc + 791
1   test7.out                           0x0000000101af5357 malloc + 311
2   test7.out                           0x0000000101afc59f ft_strjoin + 207
3   test7.out                           0x0000000101afbf3f get_next_line + 479
4   test7.out                           0x0000000101afb1c1 test_gnl_func + 65
5   test7.out                           0x0000000101af4da1 main + 7953
6   libdyld.dylib                       0x00007fff67a1e3d5 start + 1
7   ???                                 0x0000000000000001 0x0 + 1

##==##==##&&##==##==##./test7.out
##==##==##&&##==##==##./test8.out
Error in test 7: get_next_line(5: "open, error, open"): expected: "aaaaaaaaaa\n", got: "ccccccccaaaaaaaaaa\n"
Error in test 15: get_next_line(5: "open, error, open"): 
Memory leak: 0x6020000005b0 - 1 bytes
You failed to free the memory allocated at:
0   test8.out                           0x000000010b6e5687 _add_malloc + 791
1   test8.out                           0x000000010b6e5357 malloc + 311
2   test8.out                           0x000000010b6ec59f ft_strjoin + 207
3   test8.out                           0x000000010b6ebf3f get_next_line + 479
4   test8.out                           0x000000010b6eb1c1 test_gnl_func + 65
5   test8.out                           0x000000010b6e36e0 main + 2128
6   libdyld.dylib                       0x00007fff67a1e3d5 start + 1
7   ???                                 0x0000000000000001 0x0 + 1

Memory leak: 0x602000000670 - 1 bytes
You failed to free the memory allocated at:
0   test8.out                           0x000000010b6e5687 _add_malloc + 791
1   test8.out                           0x000000010b6e5357 malloc + 311
2   test8.out                           0x000000010b6ec59f ft_strjoin + 207
3   test8.out                           0x000000010b6ebf3f get_next_line + 479
4   test8.out                           0x000000010b6eb1c1 test_gnl_func + 65
5   test8.out                           0x000000010b6e377b main + 2283
6   libdyld.dylib                       0x00007fff67a1e3d5 start + 1
7   ???                                 0x0000000000000001 0x0 + 1

##==##==##&&##==##==##./test8.out
Error in test 13: get_next_line(5: "2 file descriptors"): 
Memory leak: 0x6020000004b0 - 1 bytes
You failed to free the memory allocated at:
0   test8.out                           0x000000010b6e5687 _add_malloc + 791
1   test8.out                           0x000000010b6e5357 malloc + 311
2   test8.out                           0x000000010b6ec59f ft_strjoin + 207
3   test8.out                           0x000000010b6ebf3f get_next_line + 479
4   test8.out                           0x000000010b6eb1c1 test_gnl_func + 65
5   test8.out                           0x000000010b6e3fa4 main + 4372
6   libdyld.dylib                       0x00007fff67a1e3d5 start + 1
7   ???                                 0x0000000000000001 0x0 + 1

Memory leak: 0x602000000610 - 1 bytes
You failed to free the memory allocated at:
0   test8.out                           0x000000010b6e5687 _add_malloc + 791
1   test8.out                           0x000000010b6e5357 malloc + 311
2   test8.out                           0x000000010b6ec59f ft_strjoin + 207
3   test8.out                           0x000000010b6ebf3f get_next_line + 479
4   test8.out                           0x000000010b6eb1c1 test_gnl_func + 65
5   test8.out                           0x000000010b6e40dd main + 4685
6   libdyld.dylib                       0x00007fff67a1e3d5 start + 1
7   ???                                 0x0000000000000001 0x0 + 1

##==##==##&&##==##==##./test8.out
Error in test 23: get_next_line(7: "multiple fds"): 
Memory leak: 0x6020000005f0 - 1 bytes
You failed to free the memory allocated at:
0   test8.out                           0x000000010b6e5687 _add_malloc + 791
1   test8.out                           0x000000010b6e5357 malloc + 311
2   test8.out                           0x000000010b6ec59f ft_strjoin + 207
3   test8.out                           0x000000010b6ebf3f get_next_line + 479
4   test8.out                           0x000000010b6eb1c1 test_gnl_func + 65
5   test8.out                           0x000000010b6e4aab main + 7195
6   libdyld.dylib                       0x00007fff67a1e3d5 start + 1
7   ???                                 0x0000000000000001 0x0 + 1

Memory leak: 0x602000000830 - 1 bytes
You failed to free the memory allocated at:
0   test8.out                           0x000000010b6e5687 _add_malloc + 791
1   test8.out                           0x000000010b6e5357 malloc + 311
2   test8.out                           0x000000010b6ec59f ft_strjoin + 207
3   test8.out                           0x000000010b6ebf3f get_next_line + 479
4   test8.out                           0x000000010b6eb1c1 test_gnl_func + 65
5   test8.out                           0x000000010b6e4c49 main + 7609
6   libdyld.dylib                       0x00007fff67a1e3d5 start + 1
7   ???                                 0x0000000000000001 0x0 + 1

Memory leak: 0x602000000930 - 1 bytes
You failed to free the memory allocated at:
0   test8.out                           0x000000010b6e5687 _add_malloc + 791
1   test8.out                           0x000000010b6e5357 malloc + 311
2   test8.out                           0x000000010b6ec59f ft_strjoin + 207
3   test8.out                           0x000000010b6ebf3f get_next_line + 479
4   test8.out                           0x000000010b6eb1c1 test_gnl_func + 65
5   test8.out                           0x000000010b6e4d18 main + 7816
6   libdyld.dylib                       0x00007fff67a1e3d5 start + 1
7   ???                                 0x0000000000000001 0x0 + 1

Memory leak: 0x6020000009d0 - 1 bytes
You failed to free the memory allocated at:
0   test8.out                           0x000000010b6e5687 _add_malloc + 791
1   test8.out                           0x000000010b6e5357 malloc + 311
2   test8.out                           0x000000010b6ec59f ft_strjoin + 207
3   test8.out                           0x000000010b6ebf3f get_next_line + 479
4   test8.out                           0x000000010b6eb1c1 test_gnl_func + 65
5   test8.out                           0x000000010b6e4da1 main + 7953
6   libdyld.dylib                       0x00007fff67a1e3d5 start + 1
7   ???                                 0x0000000000000001 0x0 + 1

##==##==##&&##==##==##./test8.out
##==##==##&&##==##==##./test9.out
Error in test 5: get_next_line(5: "open, error, open"): expected: <NULL>, got: "cccccccccc\n"
Error in test 7: get_next_line(5: "open, error, open"): expected: "aaaaaaaaaa\n", got: "dddddddddd\n"
Error in test 9: get_next_line(5: "open, error, open"): expected: "bbbbbbbbbb\n", got: "aaaaaaaaaa\n"
Error in test 10: get_next_line(5: "open, error, open"): expected: "cccccccccc\n", got: "bbbbbbbbbb\n"
Error in test 13: get_next_line(5: "open, error, open"): expected: "dddddddddd\n", got: "cccccccccc\n"
Error in test 14: get_next_line(5: "open, error, open"): expected: <NULL>, got: "dddddddddd\n"
Error in test 15: get_next_line(5: "open, error, open"): 
Memory leak: 0x602000000390 - 1 bytes
You failed to free the memory allocated at:
0   test9.out                           0x00000001076d2687 _add_malloc + 791
1   test9.out                           0x00000001076d2357 malloc + 311
2   test9.out                           0x00000001076d959f ft_strjoin + 207
3   test9.out                           0x00000001076d8f3f get_next_line + 479
4   test9.out                           0x00000001076d81c1 test_gnl_func + 65
5   test9.out                           0x00000001076d06db main + 2171
6   libdyld.dylib                       0x00007fff67a1e3d5 start + 1
7   ???                                 0x0000000000000001 0x0 + 1

Memory leak: 0x602000000410 - 1 bytes
You failed to free the memory allocated at:
0   test9.out                           0x00000001076d2687 _add_malloc + 791
1   test9.out                           0x00000001076d2357 malloc + 311
2   test9.out                           0x00000001076d935e ft_strdup + 78
3   test9.out                           0x00000001076d8c80 gnl_splitnl + 480
4   test9.out                           0x00000001076d9057 get_next_line + 759
5   test9.out                           0x00000001076d81c1 test_gnl_func + 65
6   test9.out                           0x00000001076d0776 main + 2326
7   libdyld.dylib                       0x00007fff67a1e3d5 start + 1
8   ???                                 0x0000000000000001 0x0 + 1

##==##==##&&##==##==##./test9.out
Error in test 13: get_next_line(5: "2 file descriptors"): 
Memory leak: 0x6020000002d0 - 1 bytes
You failed to free the memory allocated at:
0   test9.out                           0x00000001076d2687 _add_malloc + 791
1   test9.out                           0x00000001076d2357 malloc + 311
2   test9.out                           0x00000001076d959f ft_strjoin + 207
3   test9.out                           0x00000001076d8f3f get_next_line + 479
4   test9.out                           0x00000001076d81c1 test_gnl_func + 65
5   test9.out                           0x00000001076d0f9f main + 4415
6   libdyld.dylib                       0x00007fff67a1e3d5 start + 1
7   ???                                 0x0000000000000001 0x0 + 1

Memory leak: 0x602000000390 - 1 bytes
You failed to free the memory allocated at:
0   test9.out                           0x00000001076d2687 _add_malloc + 791
1   test9.out                           0x00000001076d2357 malloc + 311
2   test9.out                           0x00000001076d959f ft_strjoin + 207
3   test9.out                           0x00000001076d8f3f get_next_line + 479
4   test9.out                           0x00000001076d81c1 test_gnl_func + 65
5   test9.out                           0x00000001076d10d8 main + 4728
6   libdyld.dylib                       0x00007fff67a1e3d5 start + 1
7   ???                                 0x0000000000000001 0x0 + 1

##==##==##&&##==##==##./test9.out
Error in test 23: get_next_line(7: "multiple fds"): 
Memory leak: 0x602000000330 - 1 bytes
You failed to free the memory allocated at:
0   test9.out                           0x00000001076d2687 _add_malloc + 791
1   test9.out                           0x00000001076d2357 malloc + 311
2   test9.out                           0x00000001076d959f ft_strjoin + 207
3   test9.out                           0x00000001076d8f3f get_next_line + 479
4   test9.out                           0x00000001076d81c1 test_gnl_func + 65
5   test9.out                           0x00000001076d1ab2 main + 7250
6   libdyld.dylib                       0x00007fff67a1e3d5 start + 1
7   ???                                 0x0000000000000001 0x0 + 1

Memory leak: 0x602000000470 - 1 bytes
You failed to free the memory allocated at:
0   test9.out                           0x00000001076d2687 _add_malloc + 791
1   test9.out                           0x00000001076d2357 malloc + 311
2   test9.out                           0x00000001076d959f ft_strjoin + 207
3   test9.out                           0x00000001076d8f3f get_next_line + 479
4   test9.out                           0x00000001076d81c1 test_gnl_func + 65
5   test9.out                           0x00000001076d1c50 main + 7664
6   libdyld.dylib                       0x00007fff67a1e3d5 start + 1
7   ???                                 0x0000000000000001 0x0 + 1

Memory leak: 0x6020000004f0 - 1 bytes
You failed to free the memory allocated at:
0   test9.out                           0x00000001076d2687 _add_malloc + 791
1   test9.out                           0x00000001076d2357 malloc + 311
2   test9.out                           0x00000001076d959f ft_strjoin + 207
3   test9.out                           0x00000001076d8f3f get_next_line + 479
4   test9.out                           0x00000001076d81c1 test_gnl_func + 65
5   test9.out                           0x00000001076d1d1f main + 7871
6   libdyld.dylib                       0x00007fff67a1e3d5 start + 1
7   ???                                 0x0000000000000001 0x0 + 1

Memory leak: 0x602000000550 - 1 bytes
You failed to free the memory allocated at:
0   test9.out                           0x00000001076d2687 _add_malloc + 791
1   test9.out                           0x00000001076d2357 malloc + 311
2   test9.out                           0x00000001076d959f ft_strjoin + 207
3   test9.out                           0x00000001076d8f3f get_next_line + 479
4   test9.out                           0x00000001076d81c1 test_gnl_func + 65
5   test9.out                           0x00000001076d1da8 main + 8008
6   libdyld.dylib                       0x00007fff67a1e3d5 start + 1
7   ???                                 0x0000000000000001 0x0 + 1

##==##==##&&##==##==##./test9.out
